<?xml version="1.0" encoding="UTF-8"?>
<!-- Generated by org.testng.reporters.JUnitXMLReporter -->
<testsuite ignored="0" hostname="Shaopings-Air" failures="0" tests="3" name="Default test" time="88.69" errors="0" timestamp="2023-03-28T12:11:49 EDT">
  <testcase classname="regressionSuite.AddEducationMehod" name="addEducation" time="5.375"/>
  <testcase classname="regressionSuite.AddEducationMehod" name="addEducation" time="5.469"/>
  <testcase classname="regressionSuite.AddEducationMehod" name="addEducation" time="4.539"/>
</testsuite> <!-- Default test -->
