<?xml version="1.0" encoding="UTF-8"?>
<!-- Generated by org.testng.reporters.JUnitXMLReporter -->
<testsuite ignored="0" hostname="Shaopings-Air" failures="0" tests="3" name="AddEducationTest" time="46.785" errors="0" timestamp="2023-04-02T09:43:38 EDT">
  <testcase classname="regressionSuite.AddEducationMehod" name="addEducation" time="4.363"/>
  <testcase classname="regressionSuite.AddEducationMehod" name="addEducation" time="4.249"/>
  <testcase classname="regressionSuite.AddEducationMehod" name="addEducation" time="2.327"/>
</testsuite> <!-- AddEducationTest -->
