<?xml version="1.0" encoding="UTF-8"?>
<!-- Generated by org.testng.reporters.JUnitXMLReporter -->
<testsuite ignored="0" hostname="Shaopings-Air" failures="1" tests="2" name="Test" time="30.413" errors="0" timestamp="2023-03-27T22:17:40 EDT">
  <testcase classname="regressionSuite.AddExperienceTest" name="addExperience" time="2.354">
    <skipped/>
  </testcase> <!-- addExperience -->
  <testcase classname="regressionSuite.AddExperienceTest" name="addExperience" time="2.233">
    <failure type="java.lang.AssertionError" message="expected [true] but found [false]">
      <![CDATA[java.lang.AssertionError: expected [true] but found [false]
at regressionSuite.AddExperienceTest.addExperience(AddExperienceTest.java:36)
at java.base/java.util.ArrayList.forEach(ArrayList.java:1541)
... Removed 31 stack frames]]>
    </failure>
  </testcase> <!-- addExperience -->
</testsuite> <!-- Test -->
