<?xml version="1.0" encoding="UTF-8"?>
<testng-results ignored="0" total="5" passed="5" failed="0" skipped="0">
  <reporter-output>
  </reporter-output>
  <suite started-at="2023-04-02T09:42:51 EDT" name="Suite" finished-at="2023-04-02T09:43:38 EDT" duration-ms="46787">
    <groups>
    </groups>
    <test started-at="2023-04-02T09:42:51 EDT" name="PostTest" finished-at="2023-04-02T09:43:34 EDT" duration-ms="42781">
      <class name="regressionSuite.DeletePostTest">
        <test-method is-config="true" signature="Login()[pri:0, instance:regressionSuite.DeletePostTest@33fe57a9]" started-at="2023-04-02T09:43:15 EDT" name="Login" finished-at="2023-04-02T09:43:23 EDT" duration-ms="8475" status="PASS">
          <reporter-output>
          </reporter-output>
        </test-method> <!-- Login -->
        <test-method signature="deletePost()[pri:0, instance:regressionSuite.DeletePostTest@33fe57a9]" started-at="2023-04-02T09:43:23 EDT" name="deletePost" finished-at="2023-04-02T09:43:34 EDT" duration-ms="10400" status="PASS">
          <reporter-output>
          </reporter-output>
        </test-method> <!-- deletePost -->
        <test-method is-config="true" signature="quitDriver()[pri:0, instance:regressionSuite.DeletePostTest@33fe57a9]" started-at="2023-04-02T09:43:34 EDT" name="quitDriver" finished-at="2023-04-02T09:43:34 EDT" duration-ms="237" status="PASS">
          <reporter-output>
          </reporter-output>
        </test-method> <!-- quitDriver -->
      </class> <!-- regressionSuite.DeletePostTest -->
      <class name="regressionSuite.CreatPostTest">
        <test-method is-config="true" signature="Login()[pri:0, instance:regressionSuite.CreatPostTest@2c1156a7]" started-at="2023-04-02T09:42:51 EDT" name="Login" finished-at="2023-04-02T09:43:06 EDT" duration-ms="15138" status="PASS">
          <reporter-output>
          </reporter-output>
        </test-method> <!-- Login -->
        <test-method signature="CreatePost()[pri:0, instance:regressionSuite.CreatPostTest@2c1156a7]" started-at="2023-04-02T09:43:06 EDT" name="CreatePost" finished-at="2023-04-02T09:43:14 EDT" duration-ms="8003" status="PASS">
          <reporter-output>
          </reporter-output>
        </test-method> <!-- CreatePost -->
        <test-method is-config="true" signature="quitDriver()[pri:0, instance:regressionSuite.CreatPostTest@2c1156a7]" started-at="2023-04-02T09:43:14 EDT" name="quitDriver" finished-at="2023-04-02T09:43:15 EDT" duration-ms="344" status="PASS">
          <reporter-output>
          </reporter-output>
        </test-method> <!-- quitDriver -->
      </class> <!-- regressionSuite.CreatPostTest -->
    </test> <!-- PostTest -->
    <test started-at="2023-04-02T09:42:51 EDT" name="AddEducationTest" finished-at="2023-04-02T09:43:38 EDT" duration-ms="46785">
      <class name="regressionSuite.AddEducationMehod">
        <test-method is-config="true" signature="Login()[pri:0, instance:regressionSuite.AddEducationMehod@1b955cac]" started-at="2023-04-02T09:42:54 EDT" name="Login" finished-at="2023-04-02T09:43:06 EDT" duration-ms="12100" status="PASS">
          <reporter-output>
          </reporter-output>
        </test-method> <!-- Login -->
        <test-method signature="addEducation(java.lang.String,java.lang.String,java.lang.String,java.lang.String,java.lang.String,java.lang.String,java.lang.String)[pri:0, instance:regressionSuite.AddEducationMehod@1b955cac]" started-at="2023-04-02T09:43:06 EDT" name="addEducation" data-provider="educationDriverTest" finished-at="2023-04-02T09:43:11 EDT" duration-ms="4363" status="PASS">
          <params>
            <param index="0">
              <value>
                <![CDATA[BoraTech]]>
              </value>
            </param>
            <param index="1">
              <value>
                <![CDATA[SDET]]>
              </value>
            </param>
            <param index="2">
              <value>
                <![CDATA[Test Automation]]>
              </value>
            </param>
            <param index="3">
              <value>
                <![CDATA[06/01/2022]]>
              </value>
            </param>
            <param index="4">
              <value>
                <![CDATA[TRUE]]>
              </value>
            </param>
            <param index="5">
              <value>
                <![CDATA[]]>
              </value>
            </param>
            <param index="6">
              <value>
                <![CDATA[leaning a lot of Automation Test tricks]]>
              </value>
            </param>
          </params>
          <reporter-output>
          </reporter-output>
        </test-method> <!-- addEducation -->
        <test-method is-config="true" signature="quitDriver()[pri:0, instance:regressionSuite.AddEducationMehod@1b955cac]" started-at="2023-04-02T09:43:11 EDT" name="quitDriver" finished-at="2023-04-02T09:43:11 EDT" duration-ms="454" status="PASS">
          <reporter-output>
          </reporter-output>
        </test-method> <!-- quitDriver -->
        <test-method is-config="true" signature="Login()[pri:0, instance:regressionSuite.AddEducationMehod@1b955cac]" started-at="2023-04-02T09:43:11 EDT" name="Login" finished-at="2023-04-02T09:43:23 EDT" duration-ms="11516" status="PASS">
          <reporter-output>
          </reporter-output>
        </test-method> <!-- Login -->
        <test-method signature="addEducation(java.lang.String,java.lang.String,java.lang.String,java.lang.String,java.lang.String,java.lang.String,java.lang.String)[pri:0, instance:regressionSuite.AddEducationMehod@1b955cac]" started-at="2023-04-02T09:43:23 EDT" name="addEducation" data-provider="educationDriverTest" finished-at="2023-04-02T09:43:27 EDT" duration-ms="4249" status="PASS">
          <params>
            <param index="0">
              <value>
                <![CDATA[Masion Univesity]]>
              </value>
            </param>
            <param index="1">
              <value>
                <![CDATA[BA]]>
              </value>
            </param>
            <param index="2">
              <value>
                <![CDATA[CS]]>
              </value>
            </param>
            <param index="3">
              <value>
                <![CDATA[07/01/2019]]>
              </value>
            </param>
            <param index="4">
              <value>
                <![CDATA[FALSE]]>
              </value>
            </param>
            <param index="5">
              <value>
                <![CDATA[05/17/2022]]>
              </value>
            </param>
            <param index="6">
              <value>
                <![CDATA[computer science]]>
              </value>
            </param>
          </params>
          <reporter-output>
          </reporter-output>
        </test-method> <!-- addEducation -->
        <test-method is-config="true" signature="quitDriver()[pri:0, instance:regressionSuite.AddEducationMehod@1b955cac]" started-at="2023-04-02T09:43:27 EDT" name="quitDriver" finished-at="2023-04-02T09:43:27 EDT" duration-ms="253" status="PASS">
          <reporter-output>
          </reporter-output>
        </test-method> <!-- quitDriver -->
        <test-method is-config="true" signature="Login()[pri:0, instance:regressionSuite.AddEducationMehod@1b955cac]" started-at="2023-04-02T09:43:27 EDT" name="Login" finished-at="2023-04-02T09:43:35 EDT" duration-ms="7961" status="PASS">
          <reporter-output>
          </reporter-output>
        </test-method> <!-- Login -->
        <test-method signature="addEducation(java.lang.String,java.lang.String,java.lang.String,java.lang.String,java.lang.String,java.lang.String,java.lang.String)[pri:0, instance:regressionSuite.AddEducationMehod@1b955cac]" started-at="2023-04-02T09:43:35 EDT" name="addEducation" data-provider="educationDriverTest" finished-at="2023-04-02T09:43:38 EDT" duration-ms="2327" status="PASS">
          <params>
            <param index="0">
              <value>
                <![CDATA[Nova]]>
              </value>
            </param>
            <param index="1">
              <value>
                <![CDATA[SDET]]>
              </value>
            </param>
            <param index="2">
              <value>
                <![CDATA[CS]]>
              </value>
            </param>
            <param index="3">
              <value>
                <![CDATA[06/01/2018]]>
              </value>
            </param>
            <param index="4">
              <value>
                <![CDATA[FALSE]]>
              </value>
            </param>
            <param index="5">
              <value>
                <![CDATA[05/30/2019]]>
              </value>
            </param>
            <param index="6">
              <value>
                <![CDATA[nice learning]]>
              </value>
            </param>
          </params>
          <reporter-output>
          </reporter-output>
        </test-method> <!-- addEducation -->
        <test-method is-config="true" signature="quitDriver()[pri:0, instance:regressionSuite.AddEducationMehod@1b955cac]" started-at="2023-04-02T09:43:38 EDT" name="quitDriver" finished-at="2023-04-02T09:43:38 EDT" duration-ms="266" status="PASS">
          <reporter-output>
          </reporter-output>
        </test-method> <!-- quitDriver -->
      </class> <!-- regressionSuite.AddEducationMehod -->
    </test> <!-- AddEducationTest -->
  </suite> <!-- Suite -->
</testng-results>
